<?xml version="1.0" encoding="UTF-8"?>
<!-- Generated by org.testng.reporters.JUnitReportReporter -->
<testsuite hostname="ash-PC" name="Campaigns.vtiger.Calendar1" tests="1" failures="0" timestamp="17 Apr 2016 19:06:56 GMT" time="146.143" errors="0">
  <testcase name="Calendartimetest" time="146.143" classname="Campaigns.vtiger.Calendar1"/>
</testsuite> <!-- Campaigns.vtiger.Calendar1 -->
