<?xml version="1.0" encoding="UTF-8"?>
<!-- Generated by org.testng.reporters.JUnitReportReporter -->
<testsuite hostname="ash-PC" name="com.dolibar.testcase.Login" tests="1" failures="0" timestamp="1 Feb 2016 11:53:55 GMT" time="4.163" errors="0">
  <testcase name="logintest" time="4.163" classname="com.dolibar.testcase.Login"/>
</testsuite> <!-- com.dolibar.testcase.Login -->
